{"contracts/interfaces/ILandPlot.sol":{"l":{},"path":"/Users/fantasy/Documents/Project/etherlands/etherlands-alpha/contracts/interfaces/ILandPlot.sol","s":{},"b":{},"f":{},"fnMap":{},"statementMap":{},"branchMap":{}},"contracts/LandPlot.sol":{"l":{"32":3,"33":3,"35":3,"36":3,"44":3,"54":2,"56":1,"57":1,"63":2,"65":2,"77":4,"82":3,"94":2,"107":6,"108":5,"112":4,"119":3,"120":3,"121":9,"123":3,"128":2,"131":1,"132":1,"135":2,"145":2,"146":3,"159":3,"161":1,"174":3,"188":12,"189":12,"190":12,"192":12,"193":12,"194":72,"195":12,"209":5,"210":29,"223":31,"228":30,"229":30,"230":30,"236":28,"237":28,"238":28,"239":28,"240":28,"242":28},"path":"/Users/fantasy/Documents/Project/etherlands/etherlands-alpha/contracts/LandPlot.sol","s":{"1":3,"2":3,"3":3,"4":3,"5":3,"6":2,"7":1,"8":1,"9":2,"10":2,"11":4,"12":3,"13":2,"14":6,"15":5,"16":4,"17":3,"18":3,"19":9,"20":3,"21":2,"22":1,"23":1,"24":2,"25":2,"26":3,"27":3,"28":1,"29":3,"30":12,"31":12,"32":12,"33":12,"34":12,"35":72,"36":12,"37":5,"38":29,"39":31,"40":30,"41":30,"42":30,"43":28,"44":28,"45":28,"46":28,"47":28,"48":28},"b":{"1":[1,1],"2":[2,0],"3":[3,1],"4":[5,1],"5":[4,1],"6":[3,1],"7":[2,1],"8":[1,1],"9":[1,2],"10":[12,60],"11":[30,1],"12":[28,2]},"f":{"1":3,"2":3,"3":2,"4":2,"5":4,"6":2,"7":6,"8":2,"9":3,"10":3,"11":12,"12":5,"13":31},"fnMap":{"1":{"name":"initialize","line":30,"loc":{"start":{"line":28,"column":4},"end":{"line":37,"column":4}}},"2":{"name":"setClaimable","line":43,"loc":{"start":{"line":43,"column":4},"end":{"line":45,"column":4}}},"3":{"name":"setPlotPrices","line":53,"loc":{"start":{"line":50,"column":4},"end":{"line":58,"column":4}}},"4":{"name":"setWorldSize","line":62,"loc":{"start":{"line":62,"column":4},"end":{"line":66,"column":4}}},"5":{"name":"mintMany","line":76,"loc":{"start":{"line":72,"column":4},"end":{"line":83,"column":4}}},"6":{"name":"mintOne","line":93,"loc":{"start":{"line":89,"column":4},"end":{"line":95,"column":4}}},"7":{"name":"claimLands","line":102,"loc":{"start":{"line":102,"column":4},"end":{"line":136,"column":4}}},"8":{"name":"multiTransfer","line":141,"loc":{"start":{"line":141,"column":4},"end":{"line":148,"column":4}}},"9":{"name":"chunkOf","line":153,"loc":{"start":{"line":153,"column":4},"end":{"line":162,"column":4}}},"10":{"name":"calculateLandCost","line":168,"loc":{"start":{"line":168,"column":4},"end":{"line":175,"column":4}}},"11":{"name":"_calculateLandCost","line":183,"loc":{"start":{"line":183,"column":4},"end":{"line":198,"column":4}}},"12":{"name":"_claimLands","line":204,"loc":{"start":{"line":204,"column":4},"end":{"line":212,"column":4}}},"13":{"name":"_genesisMint","line":218,"loc":{"start":{"line":218,"column":4},"end":{"line":243,"column":4}}}},"statementMap":{"1":{"start":{"line":32,"column":8},"end":{"line":32,"column":36}},"2":{"start":{"line":33,"column":8},"end":{"line":33,"column":23}},"3":{"start":{"line":35,"column":8},"end":{"line":35,"column":24}},"4":{"start":{"line":36,"column":8},"end":{"line":36,"column":23}},"5":{"start":{"line":44,"column":8},"end":{"line":44,"column":29}},"6":{"start":{"line":54,"column":8},"end":{"line":54,"column":75}},"7":{"start":{"line":56,"column":8},"end":{"line":56,"column":27}},"8":{"start":{"line":57,"column":8},"end":{"line":57,"column":38}},"9":{"start":{"line":63,"column":8},"end":{"line":63,"column":57}},"10":{"start":{"line":65,"column":8},"end":{"line":65,"column":29}},"11":{"start":{"line":77,"column":8},"end":{"line":77,"column":3056}},"12":{"start":{"line":82,"column":8},"end":{"line":82,"column":35}},"13":{"start":{"line":94,"column":8},"end":{"line":94,"column":34}},"14":{"start":{"line":107,"column":8},"end":{"line":107,"column":59}},"15":{"start":{"line":108,"column":8},"end":{"line":108,"column":4006}},"16":{"start":{"line":112,"column":8},"end":{"line":112,"column":4124}},"17":{"start":{"line":119,"column":8},"end":{"line":119,"column":30}},"18":{"start":{"line":120,"column":8},"end":{"line":120,"column":4306}},"19":{"start":{"line":121,"column":12},"end":{"line":121,"column":71}},"20":{"start":{"line":123,"column":8},"end":{"line":123,"column":4441}},"21":{"start":{"line":128,"column":8},"end":{"line":128,"column":4558}},"22":{"start":{"line":131,"column":12},"end":{"line":131,"column":54}},"23":{"start":{"line":132,"column":12},"end":{"line":132,"column":50}},"24":{"start":{"line":135,"column":8},"end":{"line":135,"column":40}},"25":{"start":{"line":145,"column":8},"end":{"line":145,"column":5067}},"26":{"start":{"line":146,"column":12},"end":{"line":146,"column":64}},"27":{"start":{"line":159,"column":8},"end":{"line":159,"column":74}},"28":{"start":{"line":161,"column":8},"end":{"line":161,"column":53}},"29":{"start":{"line":174,"column":8},"end":{"line":174,"column":41}},"30":{"start":{"line":188,"column":8},"end":{"line":188,"column":48}},"31":{"start":{"line":189,"column":8},"end":{"line":189,"column":48}},"32":{"start":{"line":190,"column":8},"end":{"line":190,"column":41}},"33":{"start":{"line":192,"column":8},"end":{"line":192,"column":16}},"34":{"start":{"line":193,"column":8},"end":{"line":193,"column":6571}},"35":{"start":{"line":194,"column":12},"end":{"line":194,"column":6637}},"36":{"start":{"line":195,"column":16},"end":{"line":195,"column":36}},"37":{"start":{"line":209,"column":8},"end":{"line":209,"column":7110}},"38":{"start":{"line":210,"column":12},"end":{"line":210,"column":46}},"39":{"start":{"line":223,"column":8},"end":{"line":223,"column":7576}},"40":{"start":{"line":228,"column":8},"end":{"line":228,"column":48}},"41":{"start":{"line":229,"column":8},"end":{"line":229,"column":48}},"42":{"start":{"line":230,"column":8},"end":{"line":230,"column":7796}},"43":{"start":{"line":236,"column":8},"end":{"line":236,"column":36}},"44":{"start":{"line":237,"column":8},"end":{"line":237,"column":36}},"45":{"start":{"line":238,"column":8},"end":{"line":238,"column":32}},"46":{"start":{"line":239,"column":8},"end":{"line":239,"column":32}},"47":{"start":{"line":240,"column":8},"end":{"line":240,"column":38}},"48":{"start":{"line":242,"column":8},"end":{"line":242,"column":26}}},"branchMap":{"1":{"line":54,"type":"if","locations":[{"start":{"line":54,"column":8},"end":{"line":54,"column":8}},{"start":{"line":54,"column":8},"end":{"line":54,"column":8}}]},"2":{"line":63,"type":"if","locations":[{"start":{"line":63,"column":8},"end":{"line":63,"column":8}},{"start":{"line":63,"column":8},"end":{"line":63,"column":8}}]},"3":{"line":77,"type":"if","locations":[{"start":{"line":77,"column":8},"end":{"line":77,"column":8}},{"start":{"line":77,"column":8},"end":{"line":77,"column":8}}]},"4":{"line":107,"type":"if","locations":[{"start":{"line":107,"column":8},"end":{"line":107,"column":8}},{"start":{"line":107,"column":8},"end":{"line":107,"column":8}}]},"5":{"line":108,"type":"if","locations":[{"start":{"line":108,"column":8},"end":{"line":108,"column":8}},{"start":{"line":108,"column":8},"end":{"line":108,"column":8}}]},"6":{"line":112,"type":"if","locations":[{"start":{"line":112,"column":8},"end":{"line":112,"column":8}},{"start":{"line":112,"column":8},"end":{"line":112,"column":8}}]},"7":{"line":123,"type":"if","locations":[{"start":{"line":123,"column":8},"end":{"line":123,"column":8}},{"start":{"line":123,"column":8},"end":{"line":123,"column":8}}]},"8":{"line":128,"type":"if","locations":[{"start":{"line":128,"column":8},"end":{"line":128,"column":8}},{"start":{"line":128,"column":8},"end":{"line":128,"column":8}}]},"9":{"line":159,"type":"if","locations":[{"start":{"line":159,"column":8},"end":{"line":159,"column":8}},{"start":{"line":159,"column":8},"end":{"line":159,"column":8}}]},"10":{"line":194,"type":"if","locations":[{"start":{"line":194,"column":12},"end":{"line":194,"column":12}},{"start":{"line":194,"column":12},"end":{"line":194,"column":12}}]},"11":{"line":223,"type":"if","locations":[{"start":{"line":223,"column":8},"end":{"line":223,"column":8}},{"start":{"line":223,"column":8},"end":{"line":223,"column":8}}]},"12":{"line":230,"type":"if","locations":[{"start":{"line":230,"column":8},"end":{"line":230,"column":8}},{"start":{"line":230,"column":8},"end":{"line":230,"column":8}}]}}},"contracts/Marketplace.sol":{"l":{"32":0,"48":0,"54":0,"55":0,"57":0,"80":0,"82":0,"83":0,"90":0,"104":0,"106":0,"107":0,"108":0,"110":0,"111":0,"112":0,"115":0,"116":0,"124":0},"path":"/Users/fantasy/Documents/Project/etherlands/etherlands-alpha/contracts/Marketplace.sol","s":{"1":0,"2":0,"3":0,"4":0,"5":0,"6":0,"7":0,"8":0,"9":0,"10":0,"11":0,"12":0,"13":0,"14":0,"15":0,"16":0,"17":0,"18":0,"19":0},"b":{"1":[0,0],"2":[0,0],"3":[0,0],"4":[0,0]},"f":{"1":0,"2":0,"3":0,"4":0},"fnMap":{"1":{"name":"initialize","line":31,"loc":{"start":{"line":31,"column":4},"end":{"line":33,"column":4}}},"2":{"name":"createAuction","line":43,"loc":{"start":{"line":43,"column":4},"end":{"line":68,"column":4}}},"3":{"name":"createAuctionWithMultipleTokens","line":75,"loc":{"start":{"line":75,"column":4},"end":{"line":101,"column":4}}},"4":{"name":"cancelAuction","line":103,"loc":{"start":{"line":103,"column":4},"end":{"line":125,"column":4}}}},"statementMap":{"1":{"start":{"line":32,"column":8},"end":{"line":32,"column":31}},"2":{"start":{"line":48,"column":8},"end":{"line":48,"column":1400}},"3":{"start":{"line":54,"column":8},"end":{"line":54,"column":52}},"4":{"start":{"line":55,"column":8},"end":{"line":55,"column":29}},"5":{"start":{"line":57,"column":8},"end":{"line":57,"column":1623}},"6":{"start":{"line":80,"column":8},"end":{"line":80,"column":59}},"7":{"start":{"line":82,"column":8},"end":{"line":82,"column":2351}},"8":{"start":{"line":83,"column":12},"end":{"line":83,"column":2416}},"9":{"start":{"line":90,"column":8},"end":{"line":90,"column":2578}},"10":{"start":{"line":104,"column":8},"end":{"line":104,"column":66}},"11":{"start":{"line":106,"column":8},"end":{"line":106,"column":53}},"12":{"start":{"line":107,"column":8},"end":{"line":107,"column":68}},"13":{"start":{"line":108,"column":8},"end":{"line":108,"column":61}},"14":{"start":{"line":110,"column":8},"end":{"line":110,"column":47}},"15":{"start":{"line":111,"column":8},"end":{"line":111,"column":41}},"16":{"start":{"line":112,"column":8},"end":{"line":112,"column":43}},"17":{"start":{"line":115,"column":8},"end":{"line":115,"column":3340}},"18":{"start":{"line":116,"column":12},"end":{"line":116,"column":3412}},"19":{"start":{"line":124,"column":8},"end":{"line":124,"column":58}}},"branchMap":{"1":{"line":80,"type":"if","locations":[{"start":{"line":80,"column":8},"end":{"line":80,"column":8}},{"start":{"line":80,"column":8},"end":{"line":80,"column":8}}]},"2":{"line":104,"type":"if","locations":[{"start":{"line":104,"column":8},"end":{"line":104,"column":8}},{"start":{"line":104,"column":8},"end":{"line":104,"column":8}}]},"3":{"line":107,"type":"if","locations":[{"start":{"line":107,"column":8},"end":{"line":107,"column":8}},{"start":{"line":107,"column":8},"end":{"line":107,"column":8}}]},"4":{"line":108,"type":"if","locations":[{"start":{"line":108,"column":8},"end":{"line":108,"column":8}},{"start":{"line":108,"column":8},"end":{"line":108,"column":8}}]}}}}